android/matrix-master/samples/sample-android/app/build/outputs/logs/manifest-merger-debug-report.txt
-- Merging decision tree log ---
manifest
ADDED from src/main/AndroidManifest.xml:2:1-40:12
INJECTED from src/main/AndroidManifest.xml:2:1-40:12
INJECTED from src/main/AndroidManifest.xml:2:1-40:12
INJECTED from src/main/AndroidManifest.xml:2:1-40:12
MERGED from [com.tencent.matrix:matrix-io-canary:0.4.10] AndroidManifest.xml:2:1-14:12
MERGED from [com.tencent.matrix:matrix-sqlite-lint-android-sdk:0.4.10] AndroidManifest.xml:2:1-31:12
MERGED from [com.tencent.matrix:matrix-android-commons:0.4.10] AndroidManifest.xml:2:1-14:12
MERGED from [com.tencent.matrix:matrix-trace-canary:0.4.10] AndroidManifest.xml:2:1-14:12
MERGED from [com.tencent.matrix:matrix-resource-canary-android:0.4.10] AndroidManifest.xml:2:1-27:12
MERGED from [com.tencent.matrix:matrix-android-lib:0.4.10] AndroidManifest.xml:2:1-14:12
MERGED from [com.android.support:appcompat-v7:24.0.0] AndroidManifest.xml:17:1-27:12
MERGED from [com.android.support:recyclerview-v7:24.0.0] AndroidManifest.xml:17:1-22:12
MERGED from [com.android.support.constraint:constraint-layout:1.1.3] AndroidManifest.xml:2:1-11:12
MERGED from [com.android.support:animated-vector-drawable:24.0.0] AndroidManifest.xml:17:1-24:12
MERGED from [com.android.support:support-vector-drawable:24.0.0] AndroidManifest.xml:17:1-25:12
MERGED from [com.android.support:support-v4:24.0.0] AndroidManifest.xml:17:1-27:12
INJECTED from src/main/AndroidManifest.xml:2:1-40:12
INJECTED from src/main/AndroidManifest.xml:2:1-40:12
INJECTED from src/main/AndroidManifest.xml:2:1-40:12
	package
		ADDED from src/main/AndroidManifest.xml:3:5-36
		INJECTED from src/main/AndroidManifest.xml
		INJECTED from src/main/AndroidManifest.xml
	android:versionName
		INJECTED from src/main/AndroidManifest.xml
		ADDED from src/main/AndroidManifest.xml:2:1-40:12
		INJECTED from src/main/AndroidManifest.xml
	android:versionCode
		INJECTED from src/main/AndroidManifest.xml
		ADDED from src/main/AndroidManifest.xml:2:1-40:12
		INJECTED from src/main/AndroidManifest.xml
	xmlns:android
		ADDED from src/main/AndroidManifest.xml:2:11-69
uses-permission#android.permission.INTERNET
ADDED from src/main/AndroidManifest.xml:5:5-66
	android:name
		ADDED from src/main/AndroidManifest.xml:5:22-64
uses-permission#android.permission.WRITE_EXTERNAL_STORAGE
ADDED from src/main/AndroidManifest.xml:6:5-80
MERGED from [com.tencent.matrix:matrix-resource-canary-android:0.4.10] AndroidManifest.xml:11:5-81
MERGED from [com.tencent.matrix:matrix-resource-canary-android:0.4.10] AndroidManifest.xml:11:5-81
	android:name
		ADDED from src/main/AndroidManifest.xml:6:22-78
uses-permission#android.permission.MOUNT_UNMOUNT_FILESYSTEMS
ADDED from src/main/AndroidManifest.xml:7:5-83
	android:name
		ADDED from src/main/AndroidManifest.xml:7:22-81
uses-permission#android.permission.READ_EXTERNAL_STORAGE
ADDED from src/main/AndroidManifest.xml:8:5-79
	android:name
		ADDED from src/main/AndroidManifest.xml:8:22-77
uses-permission#android.permission.WAKE_LOCK
ADDED from src/main/AndroidManifest.xml:9:5-67
	android:name
		ADDED from src/main/AndroidManifest.xml:9:22-65
application
ADDED from src/main/AndroidManifest.xml:11:5-38:19
MERGED from [com.tencent.matrix:matrix-io-canary:0.4.10] AndroidManifest.xml:11:5-12:19
MERGED from [com.tencent.matrix:matrix-io-canary:0.4.10] AndroidManifest.xml:11:5-12:19
MERGED from [com.tencent.matrix:matrix-sqlite-lint-android-sdk:0.4.10] AndroidManifest.xml:11:5-29:19
MERGED from [com.tencent.matrix:matrix-sqlite-lint-android-sdk:0.4.10] AndroidManifest.xml:11:5-29:19
MERGED from [com.tencent.matrix:matrix-android-commons:0.4.10] AndroidManifest.xml:11:5-12:19
MERGED from [com.tencent.matrix:matrix-android-commons:0.4.10] AndroidManifest.xml:11:5-12:19
MERGED from [com.tencent.matrix:matrix-trace-canary:0.4.10] AndroidManifest.xml:11:5-12:19
MERGED from [com.tencent.matrix:matrix-trace-canary:0.4.10] AndroidManifest.xml:11:5-12:19
MERGED from [com.tencent.matrix:matrix-resource-canary-android:0.4.10] AndroidManifest.xml:13:5-25:19
MERGED from [com.tencent.matrix:matrix-resource-canary-android:0.4.10] AndroidManifest.xml:13:5-25:19
MERGED from [com.tencent.matrix:matrix-android-lib:0.4.10] AndroidManifest.xml:11:5-12:19
MERGED from [com.tencent.matrix:matrix-android-lib:0.4.10] AndroidManifest.xml:11:5-12:19
MERGED from [com.android.support:appcompat-v7:24.0.0] AndroidManifest.xml:25:5-20
MERGED from [com.android.support:appcompat-v7:24.0.0] AndroidManifest.xml:25:5-20
MERGED from [com.android.support.constraint:constraint-layout:1.1.3] AndroidManifest.xml:9:5-20
MERGED from [com.android.support.constraint:constraint-layout:1.1.3] AndroidManifest.xml:9:5-20
MERGED from [com.android.support:animated-vector-drawable:24.0.0] AndroidManifest.xml:22:5-20
MERGED from [com.android.support:animated-vector-drawable:24.0.0] AndroidManifest.xml:22:5-20
MERGED from [com.android.support:support-vector-drawable:24.0.0] AndroidManifest.xml:23:5-20
MERGED from [com.android.support:support-vector-drawable:24.0.0] AndroidManifest.xml:23:5-20
MERGED from [com.android.support:support-v4:24.0.0] AndroidManifest.xml:25:5-20
MERGED from [com.android.support:support-v4:24.0.0] AndroidManifest.xml:25:5-20
	android:supportsRtl
		ADDED from src/main/AndroidManifest.xml:16:9-35
	android:label
		ADDED from src/main/AndroidManifest.xml:15:9-41
	android:icon
		ADDED from src/main/AndroidManifest.xml:14:9-43
	android:allowBackup
		ADDED from src/main/AndroidManifest.xml:13:9-35
	android:theme
		ADDED from src/main/AndroidManifest.xml:17:9-40
	android:name
		ADDED from src/main/AndroidManifest.xml:12:9-42
activity#sample.tencent.matrix.MainActivity
ADDED from src/main/AndroidManifest.xml:18:9-19:20
	android:name
		ADDED from src/main/AndroidManifest.xml:18:19-47
activity#sample.tencent.matrix.issue.IssuesListActivity
ADDED from src/main/AndroidManifest.xml:20:9-22:46
	android:launchMode
		ADDED from src/main/AndroidManifest.xml:22:13-44
	android:name
		ADDED from src/main/AndroidManifest.xml:21:13-53
activity#sample.tencent.matrix.SplashActivity
ADDED from src/main/AndroidManifest.xml:23:9-29:20
	android:name
		ADDED from src/main/AndroidManifest.xml:23:19-49
intent-filter#action:name:android.intent.action.MAIN+category:name:android.intent.category.LAUNCHER
ADDED from src/main/AndroidManifest.xml:24:13-28:29
action#android.intent.action.MAIN
ADDED from src/main/AndroidManifest.xml:25:17-68
	android:name
		ADDED from src/main/AndroidManifest.xml:25:25-66
category#android.intent.category.LAUNCHER
ADDED from src/main/AndroidManifest.xml:27:17-76
	android:name
		ADDED from src/main/AndroidManifest.xml:27:27-74
activity#sample.tencent.matrix.io.TestIOActivity
ADDED from src/main/AndroidManifest.xml:30:9-54
	android:name
		ADDED from src/main/AndroidManifest.xml:30:19-52
activity#sample.tencent.matrix.resource.TestLeakActivity
ADDED from src/main/AndroidManifest.xml:31:9-62
	android:name
		ADDED from src/main/AndroidManifest.xml:31:19-60
activity#sample.tencent.matrix.trace.TestTraceMainActivity
ADDED from src/main/AndroidManifest.xml:32:9-64
	android:name
		ADDED from src/main/AndroidManifest.xml:32:19-62
activity#sample.tencent.matrix.trace.TestEnterActivity
ADDED from src/main/AndroidManifest.xml:33:9-60
	android:name
		ADDED from src/main/AndroidManifest.xml:33:19-58
activity#sample.tencent.matrix.trace.TestFpsActivity
ADDED from src/main/AndroidManifest.xml:34:9-58
	android:name
		ADDED from src/main/AndroidManifest.xml:34:19-56
activity#sample.tencent.matrix.sqlitelint.TestSQLiteLintActivity
ADDED from src/main/AndroidManifest.xml:35:9-70
	android:name
		ADDED from src/main/AndroidManifest.xml:35:19-68
activity#sample.tencent.matrix.resource.Leak2Activity
ADDED from src/main/AndroidManifest.xml:36:9-37:20
	android:name
		ADDED from src/main/AndroidManifest.xml:36:19-57
uses-sdk
INJECTED from src/main/AndroidManifest.xml reason: use-sdk injection requested
INJECTED from src/main/AndroidManifest.xml
INJECTED from src/main/AndroidManifest.xml
MERGED from [com.tencent.matrix:matrix-io-canary:0.4.10] AndroidManifest.xml:7:5-9:41
MERGED from [com.tencent.matrix:matrix-io-canary:0.4.10] AndroidManifest.xml:7:5-9:41
MERGED from [com.tencent.matrix:matrix-sqlite-lint-android-sdk:0.4.10] AndroidManifest.xml:7:5-9:41
MERGED from [com.tencent.matrix:matrix-sqlite-lint-android-sdk:0.4.10] AndroidManifest.xml:7:5-9:41
MERGED from [com.tencent.matrix:matrix-android-commons:0.4.10] AndroidManifest.xml:7:5-9:41
MERGED from [com.tencent.matrix:matrix-android-commons:0.4.10] AndroidManifest.xml:7:5-9:41
MERGED from [com.tencent.matrix:matrix-trace-canary:0.4.10] AndroidManifest.xml:7:5-9:41
MERGED from [com.tencent.matrix:matrix-trace-canary:0.4.10] AndroidManifest.xml:7:5-9:41
MERGED from [com.tencent.matrix:matrix-resource-canary-android:0.4.10] AndroidManifest.xml:7:5-9:41
MERGED from [com.tencent.matrix:matrix-resource-canary-android:0.4.10] AndroidManifest.xml:7:5-9:41
MERGED from [com.tencent.matrix:matrix-android-lib:0.4.10] AndroidManifest.xml:7:5-9:41
MERGED from [com.tencent.matrix:matrix-android-lib:0.4.10] AndroidManifest.xml:7:5-9:41
MERGED from [com.android.support:appcompat-v7:24.0.0] AndroidManifest.xml:21:5-23:78
MERGED from [com.android.support:appcompat-v7:24.0.0] AndroidManifest.xml:21:5-23:78
MERGED from [com.android.support:recyclerview-v7:24.0.0] AndroidManifest.xml:20:5-43
MERGED from [com.android.support:recyclerview-v7:24.0.0] AndroidManifest.xml:20:5-43
MERGED from [com.android.support.constraint:constraint-layout:1.1.3] AndroidManifest.xml:5:5-7:41
MERGED from [com.android.support.constraint:constraint-layout:1.1.3] AndroidManifest.xml:5:5-7:41
MERGED from [com.android.support:animated-vector-drawable:24.0.0] AndroidManifest.xml:20:5-44
MERGED from [com.android.support:animated-vector-drawable:24.0.0] AndroidManifest.xml:20:5-44
MERGED from [com.android.support:support-vector-drawable:24.0.0] AndroidManifest.xml:21:5-43
MERGED from [com.android.support:support-vector-drawable:24.0.0] AndroidManifest.xml:21:5-43
MERGED from [com.android.support:support-v4:24.0.0] AndroidManifest.xml:21:5-23:54
MERGED from [com.android.support:support-v4:24.0.0] AndroidManifest.xml:21:5-23:54
INJECTED from src/main/AndroidManifest.xml
INJECTED from src/main/AndroidManifest.xml
	tools:overrideLibrary
		ADDED from [com.android.support:appcompat-v7:24.0.0] AndroidManifest.xml:23:9-75
	android:targetSdkVersion
		INJECTED from src/main/AndroidManifest.xml
		ADDED from src/main/AndroidManifest.xml
		INJECTED from src/main/AndroidManifest.xml
	android:minSdkVersion
		INJECTED from src/main/AndroidManifest.xml
		ADDED from src/main/AndroidManifest.xml
		INJECTED from src/main/AndroidManifest.xml
activity#com.tencent.sqlitelint.behaviour.alert.CheckedDatabaseListActivity
ADDED from [com.tencent.matrix:matrix-sqlite-lint-android-sdk:0.4.10] AndroidManifest.xml:12:9-18:20
	android:label
		ADDED from [com.tencent.matrix:matrix-sqlite-lint-android-sdk:0.4.10] AndroidManifest.xml:16:13-39
	android:exported
		ADDED from [com.tencent.matrix:matrix-sqlite-lint-android-sdk:0.4.10] AndroidManifest.xml:14:13-36
	android:icon
		ADDED from [com.tencent.matrix:matrix-sqlite-lint-android-sdk:0.4.10] AndroidManifest.xml:15:13-54
	android:taskAffinity
		ADDED from [com.tencent.matrix:matrix-sqlite-lint-android-sdk:0.4.10] AndroidManifest.xml:17:13-58
	android:name
		ADDED from [com.tencent.matrix:matrix-sqlite-lint-android-sdk:0.4.10] AndroidManifest.xml:13:13-94
activity#com.tencent.sqlitelint.behaviour.alert.CheckResultActivity
ADDED from [com.tencent.matrix:matrix-sqlite-lint-android-sdk:0.4.10] AndroidManifest.xml:19:9-23:20
	android:launchMode
		ADDED from [com.tencent.matrix:matrix-sqlite-lint-android-sdk:0.4.10] AndroidManifest.xml:21:13-43
	android:taskAffinity
		ADDED from [com.tencent.matrix:matrix-sqlite-lint-android-sdk:0.4.10] AndroidManifest.xml:22:13-58
	android:name
		ADDED from [com.tencent.matrix:matrix-sqlite-lint-android-sdk:0.4.10] AndroidManifest.xml:20:13-86
activity#com.tencent.sqlitelint.behaviour.alert.IssueDetailActivity
ADDED from [com.tencent.matrix:matrix-sqlite-lint-android-sdk:0.4.10] AndroidManifest.xml:24:9-28:20
	android:launchMode
		ADDED from [com.tencent.matrix:matrix-sqlite-lint-android-sdk:0.4.10] AndroidManifest.xml:26:13-43
	android:taskAffinity
		ADDED from [com.tencent.matrix:matrix-sqlite-lint-android-sdk:0.4.10] AndroidManifest.xml:27:13-58
	android:name
		ADDED from [com.tencent.matrix:matrix-sqlite-lint-android-sdk:0.4.10] AndroidManifest.xml:25:13-86
service#com.tencent.matrix.resource.CanaryWorkerService
ADDED from [com.tencent.matrix:matrix-resource-canary-android:0.4.10] AndroidManifest.xml:14:9-19:19
	android:process
		ADDED from [com.tencent.matrix:matrix-resource-canary-android:0.4.10] AndroidManifest.xml:18:13-46
	android:exported
		ADDED from [com.tencent.matrix:matrix-resource-canary-android:0.4.10] AndroidManifest.xml:16:13-37
	android:permission
		ADDED from [com.tencent.matrix:matrix-resource-canary-android:0.4.10] AndroidManifest.xml:17:13-69
	android:name
		ADDED from [com.tencent.matrix:matrix-resource-canary-android:0.4.10] AndroidManifest.xml:15:13-75
service#com.tencent.matrix.resource.CanaryResultService
ADDED from [com.tencent.matrix:matrix-resource-canary-android:0.4.10] AndroidManifest.xml:20:9-24:19
	android:exported
		ADDED from [com.tencent.matrix:matrix-resource-canary-android:0.4.10] AndroidManifest.xml:22:13-37
	android:permission
		ADDED from [com.tencent.matrix:matrix-resource-canary-android:0.4.10] AndroidManifest.xml:23:13-69
	android:name
		ADDED from [com.tencent.matrix:matrix-resource-canary-android:0.4.10] AndroidManifest.xml:21:13-75